[0.292s] DEBUG:colcon:Command line arguments: ['/usr/bin/colcon', 'build']
[0.293s] DEBUG:colcon:Parsed command line arguments: Namespace(log_base=None, log_level=None, verb_name='build', build_base='build', install_base='install', merge_install=False, symlink_install=False, test_result_base=None, continue_on_error=False, executor='parallel', parallel_workers=8, event_handlers=None, ignore_user_meta=False, metas=['./colcon.meta'], base_paths=['.'], packages_ignore=None, packages_ignore_regex=None, paths=None, packages_up_to=None, packages_up_to_regex=None, packages_above=None, packages_above_and_dependencies=None, packages_above_depth=None, packages_select_by_dep=None, packages_skip_by_dep=None, packages_skip_up_to=None, packages_select_build_failed=False, packages_skip_build_finished=False, packages_select_test_failures=False, packages_skip_test_passed=False, packages_select=None, packages_skip=None, packages_select_regex=None, packages_skip_regex=None, packages_start=None, packages_end=None, allow_overriding=[], cmake_args=None, cmake_target=None, cmake_target_skip_unavailable=False, cmake_clean_cache=False, cmake_clean_first=False, cmake_force_configure=False, ament_cmake_args=None, catkin_cmake_args=None, catkin_skip_building_tests=False, verb_parser=<colcon_defaults.argument_parser.defaults.DefaultArgumentsDecorator object at 0x7f8decfe8d60>, verb_extension=<colcon_core.verb.build.BuildVerb object at 0x7f8ded1a4b20>, main=<bound method BuildVerb.main of <colcon_core.verb.build.BuildVerb object at 0x7f8ded1a4b20>>)
[5.638s] Level 1:colcon.colcon_core.package_discovery:discover_packages(colcon_meta) check parameters
[5.639s] Level 1:colcon.colcon_core.package_discovery:discover_packages(recursive) check parameters
[5.639s] Level 1:colcon.colcon_core.package_discovery:discover_packages(ignore) check parameters
[5.640s] Level 1:colcon.colcon_core.package_discovery:discover_packages(path) check parameters
[5.640s] Level 1:colcon.colcon_core.package_discovery:discover_packages(colcon_meta) discover
[5.640s] Level 1:colcon.colcon_core.package_discovery:discover_packages(recursive) discover
[5.641s] INFO:colcon.colcon_core.package_discovery:Crawling recursively for packages in '/home/adithya/ws_manipulator'
[5.641s] Level 1:colcon.colcon_core.package_identification:_identify(.) by extensions ['ignore', 'ignore_ament_install']
[5.642s] Level 1:colcon.colcon_core.package_identification:_identify(.) by extension 'ignore'
[5.643s] Level 1:colcon.colcon_core.package_identification:_identify(.) by extension 'ignore_ament_install'
[5.643s] Level 1:colcon.colcon_core.package_identification:_identify(.) by extensions ['colcon_pkg']
[5.643s] Level 1:colcon.colcon_core.package_identification:_identify(.) by extension 'colcon_pkg'
[5.644s] Level 1:colcon.colcon_core.package_identification:_identify(.) by extensions ['colcon_meta']
[5.644s] Level 1:colcon.colcon_core.package_identification:_identify(.) by extension 'colcon_meta'
[5.645s] Level 1:colcon.colcon_core.package_identification:_identify(.) by extensions ['ros']
[5.645s] Level 1:colcon.colcon_core.package_identification:_identify(.) by extension 'ros'
[5.755s] Level 1:colcon.colcon_core.package_identification:_identify(.) by extensions ['cmake', 'python']
[5.755s] Level 1:colcon.colcon_core.package_identification:_identify(.) by extension 'cmake'
[5.755s] Level 1:colcon.colcon_core.package_identification:_identify(.) by extension 'python'
[5.756s] Level 1:colcon.colcon_core.package_identification:_identify(.) by extensions ['python_setup_py']
[5.756s] Level 1:colcon.colcon_core.package_identification:_identify(.) by extension 'python_setup_py'
[5.756s] Level 1:colcon.colcon_core.package_identification:_identify(build) by extensions ['ignore', 'ignore_ament_install']
[5.756s] Level 1:colcon.colcon_core.package_identification:_identify(build) by extension 'ignore'
[5.757s] Level 1:colcon.colcon_core.package_identification:_identify(build) ignored
[5.757s] Level 1:colcon.colcon_core.package_identification:_identify(install) by extensions ['ignore', 'ignore_ament_install']
[5.757s] Level 1:colcon.colcon_core.package_identification:_identify(install) by extension 'ignore'
[5.757s] Level 1:colcon.colcon_core.package_identification:_identify(install) ignored
[5.758s] Level 1:colcon.colcon_core.package_identification:_identify(log) by extensions ['ignore', 'ignore_ament_install']
[5.758s] Level 1:colcon.colcon_core.package_identification:_identify(log) by extension 'ignore'
[5.758s] Level 1:colcon.colcon_core.package_identification:_identify(log) ignored
[5.758s] Level 1:colcon.colcon_core.package_identification:_identify(src) by extensions ['ignore', 'ignore_ament_install']
[5.759s] Level 1:colcon.colcon_core.package_identification:_identify(src) by extension 'ignore'
[5.759s] Level 1:colcon.colcon_core.package_identification:_identify(src) by extension 'ignore_ament_install'
[5.759s] Level 1:colcon.colcon_core.package_identification:_identify(src) by extensions ['colcon_pkg']
[5.759s] Level 1:colcon.colcon_core.package_identification:_identify(src) by extension 'colcon_pkg'
[5.759s] Level 1:colcon.colcon_core.package_identification:_identify(src) by extensions ['colcon_meta']
[5.760s] Level 1:colcon.colcon_core.package_identification:_identify(src) by extension 'colcon_meta'
[5.760s] Level 1:colcon.colcon_core.package_identification:_identify(src) by extensions ['ros']
[5.760s] Level 1:colcon.colcon_core.package_identification:_identify(src) by extension 'ros'
[5.760s] Level 1:colcon.colcon_core.package_identification:_identify(src) by extensions ['cmake', 'python']
[5.760s] Level 1:colcon.colcon_core.package_identification:_identify(src) by extension 'cmake'
[5.760s] Level 1:colcon.colcon_core.package_identification:_identify(src) by extension 'python'
[5.760s] Level 1:colcon.colcon_core.package_identification:_identify(src) by extensions ['python_setup_py']
[5.760s] Level 1:colcon.colcon_core.package_identification:_identify(src) by extension 'python_setup_py'
[5.761s] Level 1:colcon.colcon_core.package_identification:_identify(src/manipulator) by extensions ['ignore', 'ignore_ament_install']
[5.761s] Level 1:colcon.colcon_core.package_identification:_identify(src/manipulator) by extension 'ignore'
[5.761s] Level 1:colcon.colcon_core.package_identification:_identify(src/manipulator) by extension 'ignore_ament_install'
[5.761s] Level 1:colcon.colcon_core.package_identification:_identify(src/manipulator) by extensions ['colcon_pkg']
[5.761s] Level 1:colcon.colcon_core.package_identification:_identify(src/manipulator) by extension 'colcon_pkg'
[5.761s] Level 1:colcon.colcon_core.package_identification:_identify(src/manipulator) by extensions ['colcon_meta']
[5.762s] Level 1:colcon.colcon_core.package_identification:_identify(src/manipulator) by extension 'colcon_meta'
[5.762s] Level 1:colcon.colcon_core.package_identification:_identify(src/manipulator) by extensions ['ros']
[5.762s] Level 1:colcon.colcon_core.package_identification:_identify(src/manipulator) by extension 'ros'
[5.766s] DEBUG:colcon.colcon_core.package_identification:Package 'src/manipulator' with type 'ros.ament_cmake' and name 'manipulator'
[5.766s] Level 1:colcon.colcon_core.package_discovery:discover_packages(recursive) using defaults
[5.766s] Level 1:colcon.colcon_core.package_discovery:discover_packages(ignore) discover
[5.766s] Level 1:colcon.colcon_core.package_discovery:discover_packages(ignore) using defaults
[5.766s] Level 1:colcon.colcon_core.package_discovery:discover_packages(path) discover
[5.766s] Level 1:colcon.colcon_core.package_discovery:discover_packages(path) using defaults
[6.032s] Level 1:colcon.colcon_core.package_discovery:discover_packages(prefix_path) check parameters
[6.032s] Level 1:colcon.colcon_core.package_discovery:discover_packages(prefix_path) discover
[6.070s] DEBUG:colcon.colcon_installed_package_information.package_discovery:Found 1 installed packages in /home/adithya/ws_manipulator/install
[6.071s] DEBUG:colcon.colcon_installed_package_information.package_discovery:Found 2 installed packages in /home/adithya/ros2_ws/install
[6.075s] DEBUG:colcon.colcon_installed_package_information.package_discovery:Found 359 installed packages in /opt/ros/humble
[6.078s] Level 1:colcon.colcon_core.package_discovery:discover_packages(prefix_path) using defaults
[6.241s] Level 5:colcon.colcon_core.verb:set package 'manipulator' build argument 'cmake_args' from command line to 'None'
[6.241s] Level 5:colcon.colcon_core.verb:set package 'manipulator' build argument 'cmake_target' from command line to 'None'
[6.241s] Level 5:colcon.colcon_core.verb:set package 'manipulator' build argument 'cmake_target_skip_unavailable' from command line to 'False'
[6.241s] Level 5:colcon.colcon_core.verb:set package 'manipulator' build argument 'cmake_clean_cache' from command line to 'False'
[6.241s] Level 5:colcon.colcon_core.verb:set package 'manipulator' build argument 'cmake_clean_first' from command line to 'False'
[6.241s] Level 5:colcon.colcon_core.verb:set package 'manipulator' build argument 'cmake_force_configure' from command line to 'False'
[6.241s] Level 5:colcon.colcon_core.verb:set package 'manipulator' build argument 'ament_cmake_args' from command line to 'None'
[6.241s] Level 5:colcon.colcon_core.verb:set package 'manipulator' build argument 'catkin_cmake_args' from command line to 'None'
[6.241s] Level 5:colcon.colcon_core.verb:set package 'manipulator' build argument 'catkin_skip_building_tests' from command line to 'False'
[6.242s] DEBUG:colcon.colcon_core.verb:Building package 'manipulator' with the following arguments: {'ament_cmake_args': None, 'build_base': '/home/adithya/ws_manipulator/build/manipulator', 'catkin_cmake_args': None, 'catkin_skip_building_tests': False, 'cmake_args': None, 'cmake_clean_cache': False, 'cmake_clean_first': False, 'cmake_force_configure': False, 'cmake_target': None, 'cmake_target_skip_unavailable': False, 'install_base': '/home/adithya/ws_manipulator/install/manipulator', 'merge_install': False, 'path': '/home/adithya/ws_manipulator/src/manipulator', 'symlink_install': False, 'test_result_base': None}
[6.242s] INFO:colcon.colcon_core.executor:Executing jobs using 'parallel' executor
[6.243s] DEBUG:colcon.colcon_parallel_executor.executor.parallel:run_until_complete
[6.243s] INFO:colcon.colcon_ros.task.ament_cmake.build:Building ROS package in '/home/adithya/ws_manipulator/src/manipulator' with build type 'ament_cmake'
[6.243s] INFO:colcon.colcon_cmake.task.cmake.build:Building CMake package in '/home/adithya/ws_manipulator/src/manipulator'
[6.279s] INFO:colcon.colcon_core.plugin_system:Skipping extension 'colcon_core.shell.bat': Not used on non-Windows systems
[6.279s] INFO:colcon.colcon_core.shell:Skip shell extension 'powershell' for command environment: Not usable outside of PowerShell
[6.280s] DEBUG:colcon.colcon_core.shell:Skip shell extension 'dsv' for command environment
[6.325s] DEBUG:colcon.colcon_core.event_handler.log_command:Invoking command in '/home/adithya/ws_manipulator/build/manipulator': CMAKE_PREFIX_PATH=${CMAKE_PREFIX_PATH}:/home/adithya/ros2_ws/install/add_integers:/opt/ros/humble /usr/bin/cmake --build /home/adithya/ws_manipulator/build/manipulator -- -j8 -l8
[7.561s] DEBUG:colcon.colcon_core.event_handler.log_command:Invoked command in '/home/adithya/ws_manipulator/build/manipulator' returned '0': CMAKE_PREFIX_PATH=${CMAKE_PREFIX_PATH}:/home/adithya/ros2_ws/install/add_integers:/opt/ros/humble /usr/bin/cmake --build /home/adithya/ws_manipulator/build/manipulator -- -j8 -l8
[7.592s] DEBUG:colcon.colcon_core.event_handler.log_command:Invoking command in '/home/adithya/ws_manipulator/build/manipulator': CMAKE_PREFIX_PATH=${CMAKE_PREFIX_PATH}:/home/adithya/ros2_ws/install/add_integers:/opt/ros/humble /usr/bin/cmake --install /home/adithya/ws_manipulator/build/manipulator
[7.601s] Level 1:colcon.colcon_core.environment:create_environment_scripts_only(manipulator)
[7.602s] DEBUG:colcon.colcon_core.event_handler.log_command:Invoked command in '/home/adithya/ws_manipulator/build/manipulator' returned '0': CMAKE_PREFIX_PATH=${CMAKE_PREFIX_PATH}:/home/adithya/ros2_ws/install/add_integers:/opt/ros/humble /usr/bin/cmake --install /home/adithya/ws_manipulator/build/manipulator
[7.676s] Level 1:colcon.colcon_core.environment:checking '/home/adithya/ws_manipulator/install/manipulator' for CMake module files
[7.679s] Level 1:colcon.colcon_core.environment:checking '/home/adithya/ws_manipulator/install/manipulator' for CMake config files
[7.680s] Level 1:colcon.colcon_core.shell:create_environment_hook('manipulator', 'cmake_prefix_path')
[7.682s] INFO:colcon.colcon_core.shell:Creating environment hook '/home/adithya/ws_manipulator/install/manipulator/share/manipulator/hook/cmake_prefix_path.ps1'
[7.700s] INFO:colcon.colcon_core.shell:Creating environment descriptor '/home/adithya/ws_manipulator/install/manipulator/share/manipulator/hook/cmake_prefix_path.dsv'
[7.704s] INFO:colcon.colcon_core.shell:Creating environment hook '/home/adithya/ws_manipulator/install/manipulator/share/manipulator/hook/cmake_prefix_path.sh'
[7.709s] Level 1:colcon.colcon_core.environment:checking '/home/adithya/ws_manipulator/install/manipulator/bin'
[7.710s] Level 1:colcon.colcon_core.environment:checking '/home/adithya/ws_manipulator/install/manipulator/lib/pkgconfig/manipulator.pc'
[7.711s] Level 1:colcon.colcon_core.environment:checking '/home/adithya/ws_manipulator/install/manipulator/lib/python3.10/site-packages'
[7.713s] Level 1:colcon.colcon_core.environment:checking '/home/adithya/ws_manipulator/install/manipulator/bin'
[7.714s] INFO:colcon.colcon_core.shell:Creating package script '/home/adithya/ws_manipulator/install/manipulator/share/manipulator/package.ps1'
[7.719s] INFO:colcon.colcon_core.shell:Creating package descriptor '/home/adithya/ws_manipulator/install/manipulator/share/manipulator/package.dsv'
[7.721s] INFO:colcon.colcon_core.shell:Creating package script '/home/adithya/ws_manipulator/install/manipulator/share/manipulator/package.sh'
[7.725s] INFO:colcon.colcon_core.shell:Creating package script '/home/adithya/ws_manipulator/install/manipulator/share/manipulator/package.bash'
[7.758s] INFO:colcon.colcon_core.shell:Creating package script '/home/adithya/ws_manipulator/install/manipulator/share/manipulator/package.zsh'
[7.818s] Level 1:colcon.colcon_core.environment:create_file_with_runtime_dependencies(/home/adithya/ws_manipulator/install/manipulator/share/colcon-core/packages/manipulator)
[7.852s] Level 1:colcon.colcon_core.environment:create_environment_scripts_only(manipulator)
[7.853s] Level 1:colcon.colcon_core.environment:checking '/home/adithya/ws_manipulator/install/manipulator' for CMake module files
[7.853s] Level 1:colcon.colcon_core.environment:checking '/home/adithya/ws_manipulator/install/manipulator' for CMake config files
[7.854s] Level 1:colcon.colcon_core.shell:create_environment_hook('manipulator', 'cmake_prefix_path')
[7.854s] INFO:colcon.colcon_core.shell:Creating environment hook '/home/adithya/ws_manipulator/install/manipulator/share/manipulator/hook/cmake_prefix_path.ps1'
[7.855s] INFO:colcon.colcon_core.shell:Creating environment descriptor '/home/adithya/ws_manipulator/install/manipulator/share/manipulator/hook/cmake_prefix_path.dsv'
[7.855s] INFO:colcon.colcon_core.shell:Creating environment hook '/home/adithya/ws_manipulator/install/manipulator/share/manipulator/hook/cmake_prefix_path.sh'
[7.856s] Level 1:colcon.colcon_core.environment:checking '/home/adithya/ws_manipulator/install/manipulator/bin'
[7.856s] Level 1:colcon.colcon_core.environment:checking '/home/adithya/ws_manipulator/install/manipulator/lib/pkgconfig/manipulator.pc'
[7.856s] Level 1:colcon.colcon_core.environment:checking '/home/adithya/ws_manipulator/install/manipulator/lib/python3.10/site-packages'
[7.857s] Level 1:colcon.colcon_core.environment:checking '/home/adithya/ws_manipulator/install/manipulator/bin'
[7.857s] INFO:colcon.colcon_core.shell:Creating package script '/home/adithya/ws_manipulator/install/manipulator/share/manipulator/package.ps1'
[7.858s] INFO:colcon.colcon_core.shell:Creating package descriptor '/home/adithya/ws_manipulator/install/manipulator/share/manipulator/package.dsv'
[7.858s] INFO:colcon.colcon_core.shell:Creating package script '/home/adithya/ws_manipulator/install/manipulator/share/manipulator/package.sh'
[7.859s] INFO:colcon.colcon_core.shell:Creating package script '/home/adithya/ws_manipulator/install/manipulator/share/manipulator/package.bash'
[7.859s] INFO:colcon.colcon_core.shell:Creating package script '/home/adithya/ws_manipulator/install/manipulator/share/manipulator/package.zsh'
[7.860s] Level 1:colcon.colcon_core.environment:create_file_with_runtime_dependencies(/home/adithya/ws_manipulator/install/manipulator/share/colcon-core/packages/manipulator)
[7.860s] DEBUG:colcon.colcon_parallel_executor.executor.parallel:closing loop
[7.861s] DEBUG:colcon.colcon_parallel_executor.executor.parallel:loop closed
[7.861s] DEBUG:colcon.colcon_parallel_executor.executor.parallel:run_until_complete finished with '0'
[7.861s] DEBUG:colcon.colcon_core.event_reactor:joining thread
[7.912s] INFO:colcon.colcon_core.plugin_system:Skipping extension 'colcon_notification.desktop_notification.terminal_notifier': Not used on non-Darwin systems
[7.912s] INFO:colcon.colcon_core.plugin_system:Skipping extension 'colcon_notification.desktop_notification.win32': Not used on non-Windows systems
[7.913s] INFO:colcon.colcon_notification.desktop_notification:Sending desktop notification using 'notify2'
[7.957s] DEBUG:colcon.colcon_core.event_reactor:joined thread
[7.958s] INFO:colcon.colcon_core.shell:Creating prefix script '/home/adithya/ws_manipulator/install/local_setup.ps1'
[7.960s] INFO:colcon.colcon_core.shell:Creating prefix util module '/home/adithya/ws_manipulator/install/_local_setup_util_ps1.py'
[7.964s] INFO:colcon.colcon_core.shell:Creating prefix chain script '/home/adithya/ws_manipulator/install/setup.ps1'
[7.966s] INFO:colcon.colcon_core.shell:Creating prefix script '/home/adithya/ws_manipulator/install/local_setup.sh'
[7.967s] INFO:colcon.colcon_core.shell:Creating prefix util module '/home/adithya/ws_manipulator/install/_local_setup_util_sh.py'
[7.968s] INFO:colcon.colcon_core.shell:Creating prefix chain script '/home/adithya/ws_manipulator/install/setup.sh'
[7.970s] INFO:colcon.colcon_core.shell:Creating prefix script '/home/adithya/ws_manipulator/install/local_setup.bash'
[7.971s] INFO:colcon.colcon_core.shell:Creating prefix chain script '/home/adithya/ws_manipulator/install/setup.bash'
[7.973s] INFO:colcon.colcon_core.shell:Creating prefix script '/home/adithya/ws_manipulator/install/local_setup.zsh'
[7.974s] INFO:colcon.colcon_core.shell:Creating prefix chain script '/home/adithya/ws_manipulator/install/setup.zsh'
