[0.048s] Invoking command in '/home/adithya/ws_manipulator/build/manipulator': CMAKE_PREFIX_PATH=${CMAKE_PREFIX_PATH}:/home/adithya/ros2_ws/install/add_integers:/opt/ros/humble /usr/bin/cmake --build /home/adithya/ws_manipulator/build/manipulator -- -j8 -l8
[0.475s] -- Found ament_cmake: 1.3.8 (/opt/ros/humble/share/ament_cmake/cmake)
[0.742s] -- Found ament_lint_auto: 0.12.10 (/opt/ros/humble/share/ament_lint_auto/cmake)
[0.806s] -- Added test 'flake8' to check Python code syntax and style conventions
[0.855s] -- Added test 'lint_cmake' to check CMake code style
[0.855s] -- Added test 'pep257' to check Python code against some of the docstring style conventions in PEP 257
[0.868s] -- Added test 'xmllint' to check XML markup files
[0.869s] -- Configuring done
[0.891s] -- Generating done
[0.896s] -- Build files have been written to: /home/adithya/ws_manipulator/build/manipulator
[0.964s] Invoked command in '/home/adithya/ws_manipulator/build/manipulator' returned '0': CMAKE_PREFIX_PATH=${CMAKE_PREFIX_PATH}:/home/adithya/ros2_ws/install/add_integers:/opt/ros/humble /usr/bin/cmake --build /home/adithya/ws_manipulator/build/manipulator -- -j8 -l8
[0.996s] Invoking command in '/home/adithya/ws_manipulator/build/manipulator': CMAKE_PREFIX_PATH=${CMAKE_PREFIX_PATH}:/home/adithya/ros2_ws/install/add_integers:/opt/ros/humble /usr/bin/cmake --install /home/adithya/ws_manipulator/build/manipulator
[1.003s] -- Install configuration: ""
[1.004s] -- Installing: /home/adithya/ws_manipulator/install/manipulator/share/manipulator/launch
[1.004s] -- Installing: /home/adithya/ws_manipulator/install/manipulator/share/manipulator/launch/display.launch.py
[1.004s] -- Installing: /home/adithya/ws_manipulator/install/manipulator/share/manipulator/urdf
[1.004s] -- Installing: /home/adithya/ws_manipulator/install/manipulator/share/manipulator/urdf/model.urdf
[1.004s] -- Installing: /home/adithya/ws_manipulator/install/manipulator/share/manipulator/config
[1.004s] -- Installing: /home/adithya/ws_manipulator/install/manipulator/share/ament_index/resource_index/package_run_dependencies/manipulator
[1.004s] -- Up-to-date: /home/adithya/ws_manipulator/install/manipulator/share/ament_index/resource_index/parent_prefix_path/manipulator
[1.004s] -- Up-to-date: /home/adithya/ws_manipulator/install/manipulator/share/manipulator/environment/ament_prefix_path.sh
[1.004s] -- Installing: /home/adithya/ws_manipulator/install/manipulator/share/manipulator/environment/ament_prefix_path.dsv
[1.004s] -- Up-to-date: /home/adithya/ws_manipulator/install/manipulator/share/manipulator/environment/path.sh
[1.004s] -- Installing: /home/adithya/ws_manipulator/install/manipulator/share/manipulator/environment/path.dsv
[1.004s] -- Up-to-date: /home/adithya/ws_manipulator/install/manipulator/share/manipulator/local_setup.bash
[1.005s] -- Up-to-date: /home/adithya/ws_manipulator/install/manipulator/share/manipulator/local_setup.sh
[1.005s] -- Up-to-date: /home/adithya/ws_manipulator/install/manipulator/share/manipulator/local_setup.zsh
[1.005s] -- Installing: /home/adithya/ws_manipulator/install/manipulator/share/manipulator/local_setup.dsv
[1.005s] -- Installing: /home/adithya/ws_manipulator/install/manipulator/share/manipulator/package.dsv
[1.005s] -- Up-to-date: /home/adithya/ws_manipulator/install/manipulator/share/ament_index/resource_index/packages/manipulator
[1.005s] -- Up-to-date: /home/adithya/ws_manipulator/install/manipulator/share/manipulator/cmake/manipulatorConfig.cmake
[1.005s] -- Up-to-date: /home/adithya/ws_manipulator/install/manipulator/share/manipulator/cmake/manipulatorConfig-version.cmake
[1.005s] -- Installing: /home/adithya/ws_manipulator/install/manipulator/share/manipulator/package.xml
[1.008s] Invoked command in '/home/adithya/ws_manipulator/build/manipulator' returned '0': CMAKE_PREFIX_PATH=${CMAKE_PREFIX_PATH}:/home/adithya/ros2_ws/install/add_integers:/opt/ros/humble /usr/bin/cmake --install /home/adithya/ws_manipulator/build/manipulator
