[0.072s] Invoking command in '/home/adithya/ws_manipulator/build/manipulator': CMAKE_PREFIX_PATH=${CMAKE_PREFIX_PATH}:/home/adithya/ros2_ws/install/add_integers:/opt/ros/humble /usr/bin/cmake /home/adithya/ws_manipulator/src/manipulator -DCMAKE_INSTALL_PREFIX=/home/adithya/ws_manipulator/install/manipulator
[1.427s] -- The C compiler identification is GNU 11.4.0
[2.691s] -- The CXX compiler identification is GNU 11.4.0
[2.705s] -- Detecting C compiler ABI info
[2.910s] -- Detecting C compiler ABI info - done
[2.918s] -- Check for working C compiler: /usr/bin/cc - skipped
[2.918s] -- Detecting C compile features
[2.919s] -- Detecting C compile features - done
[2.922s] -- Detecting CXX compiler ABI info
[3.083s] -- Detecting CXX compiler ABI info - done
[3.091s] -- Check for working CXX compiler: /usr/bin/c++ - skipped
[3.092s] -- Detecting CXX compile features
[3.092s] -- Detecting CXX compile features - done
[3.474s] -- Found ament_cmake: 1.3.8 (/opt/ros/humble/share/ament_cmake/cmake)
[3.817s] -- Found Python3: /usr/bin/python3 (found version "3.10.12") found components: Interpreter 
[4.079s] -- Found ament_lint_auto: 0.12.10 (/opt/ros/humble/share/ament_lint_auto/cmake)
[4.296s] -- Added test 'lint_cmake' to check CMake code style
[4.379s] -- Added test 'xmllint' to check XML markup files
[4.385s] -- Configuring done
[4.397s] -- Generating done
[4.401s] -- Build files have been written to: /home/adithya/ws_manipulator/build/manipulator
[4.411s] Invoked command in '/home/adithya/ws_manipulator/build/manipulator' returned '0': CMAKE_PREFIX_PATH=${CMAKE_PREFIX_PATH}:/home/adithya/ros2_ws/install/add_integers:/opt/ros/humble /usr/bin/cmake /home/adithya/ws_manipulator/src/manipulator -DCMAKE_INSTALL_PREFIX=/home/adithya/ws_manipulator/install/manipulator
[4.415s] Invoking command in '/home/adithya/ws_manipulator/build/manipulator': CMAKE_PREFIX_PATH=${CMAKE_PREFIX_PATH}:/home/adithya/ros2_ws/install/add_integers:/opt/ros/humble /usr/bin/cmake --build /home/adithya/ws_manipulator/build/manipulator -- -j8 -l8
[4.456s] Invoked command in '/home/adithya/ws_manipulator/build/manipulator' returned '0': CMAKE_PREFIX_PATH=${CMAKE_PREFIX_PATH}:/home/adithya/ros2_ws/install/add_integers:/opt/ros/humble /usr/bin/cmake --build /home/adithya/ws_manipulator/build/manipulator -- -j8 -l8
[4.486s] Invoking command in '/home/adithya/ws_manipulator/build/manipulator': CMAKE_PREFIX_PATH=${CMAKE_PREFIX_PATH}:/home/adithya/ros2_ws/install/add_integers:/opt/ros/humble /usr/bin/cmake --install /home/adithya/ws_manipulator/build/manipulator
[4.493s] -- Install configuration: ""
[4.493s] -- Installing: /home/adithya/ws_manipulator/install/manipulator/share/ament_index/resource_index/package_run_dependencies/manipulator
[4.493s] -- Installing: /home/adithya/ws_manipulator/install/manipulator/share/ament_index/resource_index/parent_prefix_path/manipulator
[4.493s] -- Installing: /home/adithya/ws_manipulator/install/manipulator/share/manipulator/environment/ament_prefix_path.sh
[4.494s] -- Installing: /home/adithya/ws_manipulator/install/manipulator/share/manipulator/environment/ament_prefix_path.dsv
[4.494s] -- Installing: /home/adithya/ws_manipulator/install/manipulator/share/manipulator/environment/path.sh
[4.494s] -- Installing: /home/adithya/ws_manipulator/install/manipulator/share/manipulator/environment/path.dsv
[4.494s] -- Installing: /home/adithya/ws_manipulator/install/manipulator/share/manipulator/local_setup.bash
[4.494s] -- Installing: /home/adithya/ws_manipulator/install/manipulator/share/manipulator/local_setup.sh
[4.494s] -- Installing: /home/adithya/ws_manipulator/install/manipulator/share/manipulator/local_setup.zsh
[4.494s] -- Installing: /home/adithya/ws_manipulator/install/manipulator/share/manipulator/local_setup.dsv
[4.495s] -- Installing: /home/adithya/ws_manipulator/install/manipulator/share/manipulator/package.dsv
[4.495s] -- Installing: /home/adithya/ws_manipulator/install/manipulator/share/ament_index/resource_index/packages/manipulator
[4.495s] -- Installing: /home/adithya/ws_manipulator/install/manipulator/share/manipulator/cmake/manipulatorConfig.cmake
[4.495s] -- Installing: /home/adithya/ws_manipulator/install/manipulator/share/manipulator/cmake/manipulatorConfig-version.cmake
[4.495s] -- Installing: /home/adithya/ws_manipulator/install/manipulator/share/manipulator/package.xml
[4.497s] Invoked command in '/home/adithya/ws_manipulator/build/manipulator' returned '0': CMAKE_PREFIX_PATH=${CMAKE_PREFIX_PATH}:/home/adithya/ros2_ws/install/add_integers:/opt/ros/humble /usr/bin/cmake --install /home/adithya/ws_manipulator/build/manipulator
