[0.808s] DEBUG:colcon:Command line arguments: ['/usr/bin/colcon', 'build']
[0.808s] DEBUG:colcon:Parsed command line arguments: Namespace(log_base=None, log_level=None, verb_name='build', build_base='build', install_base='install', merge_install=False, symlink_install=False, test_result_base=None, continue_on_error=False, executor='parallel', parallel_workers=8, event_handlers=None, ignore_user_meta=False, metas=['./colcon.meta'], base_paths=['.'], packages_ignore=None, packages_ignore_regex=None, paths=None, packages_up_to=None, packages_up_to_regex=None, packages_above=None, packages_above_and_dependencies=None, packages_above_depth=None, packages_select_by_dep=None, packages_skip_by_dep=None, packages_skip_up_to=None, packages_select_build_failed=False, packages_skip_build_finished=False, packages_select_test_failures=False, packages_skip_test_passed=False, packages_select=None, packages_skip=None, packages_select_regex=None, packages_skip_regex=None, packages_start=None, packages_end=None, allow_overriding=[], cmake_args=None, cmake_target=None, cmake_target_skip_unavailable=False, cmake_clean_cache=False, cmake_clean_first=False, cmake_force_configure=False, ament_cmake_args=None, catkin_cmake_args=None, catkin_skip_building_tests=False, verb_parser=<colcon_defaults.argument_parser.defaults.DefaultArgumentsDecorator object at 0x7f10bfc44d60>, verb_extension=<colcon_core.verb.build.BuildVerb object at 0x7f10bfdb8b20>, main=<bound method BuildVerb.main of <colcon_core.verb.build.BuildVerb object at 0x7f10bfdb8b20>>)
[6.734s] Level 1:colcon.colcon_core.package_discovery:discover_packages(colcon_meta) check parameters
[6.734s] Level 1:colcon.colcon_core.package_discovery:discover_packages(recursive) check parameters
[6.735s] Level 1:colcon.colcon_core.package_discovery:discover_packages(ignore) check parameters
[6.735s] Level 1:colcon.colcon_core.package_discovery:discover_packages(path) check parameters
[6.735s] Level 1:colcon.colcon_core.package_discovery:discover_packages(colcon_meta) discover
[6.735s] Level 1:colcon.colcon_core.package_discovery:discover_packages(recursive) discover
[6.736s] INFO:colcon.colcon_core.package_discovery:Crawling recursively for packages in '/home/adithya/ws_manipulator'
[6.736s] Level 1:colcon.colcon_core.package_identification:_identify(.) by extensions ['ignore', 'ignore_ament_install']
[6.737s] Level 1:colcon.colcon_core.package_identification:_identify(.) by extension 'ignore'
[6.737s] Level 1:colcon.colcon_core.package_identification:_identify(.) by extension 'ignore_ament_install'
[6.737s] Level 1:colcon.colcon_core.package_identification:_identify(.) by extensions ['colcon_pkg']
[6.737s] Level 1:colcon.colcon_core.package_identification:_identify(.) by extension 'colcon_pkg'
[6.738s] Level 1:colcon.colcon_core.package_identification:_identify(.) by extensions ['colcon_meta']
[6.738s] Level 1:colcon.colcon_core.package_identification:_identify(.) by extension 'colcon_meta'
[6.738s] Level 1:colcon.colcon_core.package_identification:_identify(.) by extensions ['ros']
[6.738s] Level 1:colcon.colcon_core.package_identification:_identify(.) by extension 'ros'
[6.771s] Level 1:colcon.colcon_core.package_identification:_identify(.) by extensions ['cmake', 'python']
[6.771s] Level 1:colcon.colcon_core.package_identification:_identify(.) by extension 'cmake'
[6.771s] Level 1:colcon.colcon_core.package_identification:_identify(.) by extension 'python'
[6.771s] Level 1:colcon.colcon_core.package_identification:_identify(.) by extensions ['python_setup_py']
[6.771s] Level 1:colcon.colcon_core.package_identification:_identify(.) by extension 'python_setup_py'
[6.771s] Level 1:colcon.colcon_core.package_identification:_identify(build) by extensions ['ignore', 'ignore_ament_install']
[6.771s] Level 1:colcon.colcon_core.package_identification:_identify(build) by extension 'ignore'
[6.771s] Level 1:colcon.colcon_core.package_identification:_identify(build) ignored
[6.772s] Level 1:colcon.colcon_core.package_identification:_identify(install) by extensions ['ignore', 'ignore_ament_install']
[6.772s] Level 1:colcon.colcon_core.package_identification:_identify(install) by extension 'ignore'
[6.772s] Level 1:colcon.colcon_core.package_identification:_identify(install) ignored
[6.772s] Level 1:colcon.colcon_core.package_identification:_identify(log) by extensions ['ignore', 'ignore_ament_install']
[6.772s] Level 1:colcon.colcon_core.package_identification:_identify(log) by extension 'ignore'
[6.772s] Level 1:colcon.colcon_core.package_identification:_identify(log) ignored
[6.772s] Level 1:colcon.colcon_core.package_identification:_identify(src) by extensions ['ignore', 'ignore_ament_install']
[6.772s] Level 1:colcon.colcon_core.package_identification:_identify(src) by extension 'ignore'
[6.772s] Level 1:colcon.colcon_core.package_identification:_identify(src) by extension 'ignore_ament_install'
[6.773s] Level 1:colcon.colcon_core.package_identification:_identify(src) by extensions ['colcon_pkg']
[6.773s] Level 1:colcon.colcon_core.package_identification:_identify(src) by extension 'colcon_pkg'
[6.773s] Level 1:colcon.colcon_core.package_identification:_identify(src) by extensions ['colcon_meta']
[6.773s] Level 1:colcon.colcon_core.package_identification:_identify(src) by extension 'colcon_meta'
[6.773s] Level 1:colcon.colcon_core.package_identification:_identify(src) by extensions ['ros']
[6.773s] Level 1:colcon.colcon_core.package_identification:_identify(src) by extension 'ros'
[6.773s] Level 1:colcon.colcon_core.package_identification:_identify(src) by extensions ['cmake', 'python']
[6.773s] Level 1:colcon.colcon_core.package_identification:_identify(src) by extension 'cmake'
[6.773s] Level 1:colcon.colcon_core.package_identification:_identify(src) by extension 'python'
[6.773s] Level 1:colcon.colcon_core.package_identification:_identify(src) by extensions ['python_setup_py']
[6.773s] Level 1:colcon.colcon_core.package_identification:_identify(src) by extension 'python_setup_py'
[6.773s] Level 1:colcon.colcon_core.package_identification:_identify(src/manipulator) by extensions ['ignore', 'ignore_ament_install']
[6.773s] Level 1:colcon.colcon_core.package_identification:_identify(src/manipulator) by extension 'ignore'
[6.773s] Level 1:colcon.colcon_core.package_identification:_identify(src/manipulator) by extension 'ignore_ament_install'
[6.774s] Level 1:colcon.colcon_core.package_identification:_identify(src/manipulator) by extensions ['colcon_pkg']
[6.774s] Level 1:colcon.colcon_core.package_identification:_identify(src/manipulator) by extension 'colcon_pkg'
[6.774s] Level 1:colcon.colcon_core.package_identification:_identify(src/manipulator) by extensions ['colcon_meta']
[6.774s] Level 1:colcon.colcon_core.package_identification:_identify(src/manipulator) by extension 'colcon_meta'
[6.774s] Level 1:colcon.colcon_core.package_identification:_identify(src/manipulator) by extensions ['ros']
[6.774s] Level 1:colcon.colcon_core.package_identification:_identify(src/manipulator) by extension 'ros'
[6.818s] DEBUG:colcon.colcon_core.package_identification:Package 'src/manipulator' with type 'ros.ament_cmake' and name 'manipulator'
[6.818s] Level 1:colcon.colcon_core.package_discovery:discover_packages(recursive) using defaults
[6.818s] Level 1:colcon.colcon_core.package_discovery:discover_packages(ignore) discover
[6.818s] Level 1:colcon.colcon_core.package_discovery:discover_packages(ignore) using defaults
[6.818s] Level 1:colcon.colcon_core.package_discovery:discover_packages(path) discover
[6.818s] Level 1:colcon.colcon_core.package_discovery:discover_packages(path) using defaults
[7.281s] Level 1:colcon.colcon_core.package_discovery:discover_packages(prefix_path) check parameters
[7.281s] Level 1:colcon.colcon_core.package_discovery:discover_packages(prefix_path) discover
[7.343s] DEBUG:colcon.colcon_installed_package_information.package_discovery:Found 2 installed packages in /home/adithya/ros2_ws/install
[7.350s] DEBUG:colcon.colcon_installed_package_information.package_discovery:Found 359 installed packages in /opt/ros/humble
[7.358s] Level 1:colcon.colcon_core.package_discovery:discover_packages(prefix_path) using defaults
[7.509s] Level 5:colcon.colcon_core.verb:set package 'manipulator' build argument 'cmake_args' from command line to 'None'
[7.509s] Level 5:colcon.colcon_core.verb:set package 'manipulator' build argument 'cmake_target' from command line to 'None'
[7.509s] Level 5:colcon.colcon_core.verb:set package 'manipulator' build argument 'cmake_target_skip_unavailable' from command line to 'False'
[7.509s] Level 5:colcon.colcon_core.verb:set package 'manipulator' build argument 'cmake_clean_cache' from command line to 'False'
[7.510s] Level 5:colcon.colcon_core.verb:set package 'manipulator' build argument 'cmake_clean_first' from command line to 'False'
[7.510s] Level 5:colcon.colcon_core.verb:set package 'manipulator' build argument 'cmake_force_configure' from command line to 'False'
[7.510s] Level 5:colcon.colcon_core.verb:set package 'manipulator' build argument 'ament_cmake_args' from command line to 'None'
[7.510s] Level 5:colcon.colcon_core.verb:set package 'manipulator' build argument 'catkin_cmake_args' from command line to 'None'
[7.510s] Level 5:colcon.colcon_core.verb:set package 'manipulator' build argument 'catkin_skip_building_tests' from command line to 'False'
[7.510s] DEBUG:colcon.colcon_core.verb:Building package 'manipulator' with the following arguments: {'ament_cmake_args': None, 'build_base': '/home/adithya/ws_manipulator/build/manipulator', 'catkin_cmake_args': None, 'catkin_skip_building_tests': False, 'cmake_args': None, 'cmake_clean_cache': False, 'cmake_clean_first': False, 'cmake_force_configure': False, 'cmake_target': None, 'cmake_target_skip_unavailable': False, 'install_base': '/home/adithya/ws_manipulator/install/manipulator', 'merge_install': False, 'path': '/home/adithya/ws_manipulator/src/manipulator', 'symlink_install': False, 'test_result_base': None}
[7.510s] INFO:colcon.colcon_core.executor:Executing jobs using 'parallel' executor
[7.511s] DEBUG:colcon.colcon_parallel_executor.executor.parallel:run_until_complete
[7.511s] INFO:colcon.colcon_ros.task.ament_cmake.build:Building ROS package in '/home/adithya/ws_manipulator/src/manipulator' with build type 'ament_cmake'
[7.511s] INFO:colcon.colcon_cmake.task.cmake.build:Building CMake package in '/home/adithya/ws_manipulator/src/manipulator'
[7.553s] INFO:colcon.colcon_core.plugin_system:Skipping extension 'colcon_core.shell.bat': Not used on non-Windows systems
[7.553s] INFO:colcon.colcon_core.shell:Skip shell extension 'powershell' for command environment: Not usable outside of PowerShell
[7.553s] DEBUG:colcon.colcon_core.shell:Skip shell extension 'dsv' for command environment
[7.583s] DEBUG:colcon.colcon_core.event_handler.log_command:Invoking command in '/home/adithya/ws_manipulator/build/manipulator': CMAKE_PREFIX_PATH=${CMAKE_PREFIX_PATH}:/home/adithya/ros2_ws/install/add_integers:/opt/ros/humble /usr/bin/cmake /home/adithya/ws_manipulator/src/manipulator -DCMAKE_INSTALL_PREFIX=/home/adithya/ws_manipulator/install/manipulator
[11.923s] DEBUG:colcon.colcon_core.event_handler.log_command:Invoked command in '/home/adithya/ws_manipulator/build/manipulator' returned '0': CMAKE_PREFIX_PATH=${CMAKE_PREFIX_PATH}:/home/adithya/ros2_ws/install/add_integers:/opt/ros/humble /usr/bin/cmake /home/adithya/ws_manipulator/src/manipulator -DCMAKE_INSTALL_PREFIX=/home/adithya/ws_manipulator/install/manipulator
[11.926s] DEBUG:colcon.colcon_core.event_handler.log_command:Invoking command in '/home/adithya/ws_manipulator/build/manipulator': CMAKE_PREFIX_PATH=${CMAKE_PREFIX_PATH}:/home/adithya/ros2_ws/install/add_integers:/opt/ros/humble /usr/bin/cmake --build /home/adithya/ws_manipulator/build/manipulator -- -j8 -l8
[11.967s] DEBUG:colcon.colcon_core.event_handler.log_command:Invoked command in '/home/adithya/ws_manipulator/build/manipulator' returned '0': CMAKE_PREFIX_PATH=${CMAKE_PREFIX_PATH}:/home/adithya/ros2_ws/install/add_integers:/opt/ros/humble /usr/bin/cmake --build /home/adithya/ws_manipulator/build/manipulator -- -j8 -l8
[11.997s] DEBUG:colcon.colcon_core.event_handler.log_command:Invoking command in '/home/adithya/ws_manipulator/build/manipulator': CMAKE_PREFIX_PATH=${CMAKE_PREFIX_PATH}:/home/adithya/ros2_ws/install/add_integers:/opt/ros/humble /usr/bin/cmake --install /home/adithya/ws_manipulator/build/manipulator
[12.008s] Level 1:colcon.colcon_core.environment:create_environment_scripts_only(manipulator)
[12.008s] DEBUG:colcon.colcon_core.event_handler.log_command:Invoked command in '/home/adithya/ws_manipulator/build/manipulator' returned '0': CMAKE_PREFIX_PATH=${CMAKE_PREFIX_PATH}:/home/adithya/ros2_ws/install/add_integers:/opt/ros/humble /usr/bin/cmake --install /home/adithya/ws_manipulator/build/manipulator
[12.152s] Level 1:colcon.colcon_core.environment:checking '/home/adithya/ws_manipulator/install/manipulator' for CMake module files
[12.154s] Level 1:colcon.colcon_core.environment:checking '/home/adithya/ws_manipulator/install/manipulator' for CMake config files
[12.156s] Level 1:colcon.colcon_core.shell:create_environment_hook('manipulator', 'cmake_prefix_path')
[12.157s] INFO:colcon.colcon_core.shell:Creating environment hook '/home/adithya/ws_manipulator/install/manipulator/share/manipulator/hook/cmake_prefix_path.ps1'
[12.177s] INFO:colcon.colcon_core.shell:Creating environment descriptor '/home/adithya/ws_manipulator/install/manipulator/share/manipulator/hook/cmake_prefix_path.dsv'
[12.200s] INFO:colcon.colcon_core.shell:Creating environment hook '/home/adithya/ws_manipulator/install/manipulator/share/manipulator/hook/cmake_prefix_path.sh'
[12.204s] Level 1:colcon.colcon_core.environment:checking '/home/adithya/ws_manipulator/install/manipulator/bin'
[12.204s] Level 1:colcon.colcon_core.environment:checking '/home/adithya/ws_manipulator/install/manipulator/lib/pkgconfig/manipulator.pc'
[12.206s] Level 1:colcon.colcon_core.environment:checking '/home/adithya/ws_manipulator/install/manipulator/lib/python3.10/site-packages'
[12.207s] Level 1:colcon.colcon_core.environment:checking '/home/adithya/ws_manipulator/install/manipulator/bin'
[12.208s] INFO:colcon.colcon_core.shell:Creating package script '/home/adithya/ws_manipulator/install/manipulator/share/manipulator/package.ps1'
[12.212s] INFO:colcon.colcon_core.shell:Creating package descriptor '/home/adithya/ws_manipulator/install/manipulator/share/manipulator/package.dsv'
[12.215s] INFO:colcon.colcon_core.shell:Creating package script '/home/adithya/ws_manipulator/install/manipulator/share/manipulator/package.sh'
[12.218s] INFO:colcon.colcon_core.shell:Creating package script '/home/adithya/ws_manipulator/install/manipulator/share/manipulator/package.bash'
[12.244s] INFO:colcon.colcon_core.shell:Creating package script '/home/adithya/ws_manipulator/install/manipulator/share/manipulator/package.zsh'
[12.257s] Level 1:colcon.colcon_core.environment:create_file_with_runtime_dependencies(/home/adithya/ws_manipulator/install/manipulator/share/colcon-core/packages/manipulator)
[12.287s] Level 1:colcon.colcon_core.environment:create_environment_scripts_only(manipulator)
[12.287s] Level 1:colcon.colcon_core.environment:checking '/home/adithya/ws_manipulator/install/manipulator' for CMake module files
[12.287s] Level 1:colcon.colcon_core.environment:checking '/home/adithya/ws_manipulator/install/manipulator' for CMake config files
[12.288s] Level 1:colcon.colcon_core.shell:create_environment_hook('manipulator', 'cmake_prefix_path')
[12.288s] INFO:colcon.colcon_core.shell:Creating environment hook '/home/adithya/ws_manipulator/install/manipulator/share/manipulator/hook/cmake_prefix_path.ps1'
[12.288s] INFO:colcon.colcon_core.shell:Creating environment descriptor '/home/adithya/ws_manipulator/install/manipulator/share/manipulator/hook/cmake_prefix_path.dsv'
[12.289s] INFO:colcon.colcon_core.shell:Creating environment hook '/home/adithya/ws_manipulator/install/manipulator/share/manipulator/hook/cmake_prefix_path.sh'
[12.289s] Level 1:colcon.colcon_core.environment:checking '/home/adithya/ws_manipulator/install/manipulator/bin'
[12.289s] Level 1:colcon.colcon_core.environment:checking '/home/adithya/ws_manipulator/install/manipulator/lib/pkgconfig/manipulator.pc'
[12.289s] Level 1:colcon.colcon_core.environment:checking '/home/adithya/ws_manipulator/install/manipulator/lib/python3.10/site-packages'
[12.290s] Level 1:colcon.colcon_core.environment:checking '/home/adithya/ws_manipulator/install/manipulator/bin'
[12.290s] INFO:colcon.colcon_core.shell:Creating package script '/home/adithya/ws_manipulator/install/manipulator/share/manipulator/package.ps1'
[12.290s] INFO:colcon.colcon_core.shell:Creating package descriptor '/home/adithya/ws_manipulator/install/manipulator/share/manipulator/package.dsv'
[12.291s] INFO:colcon.colcon_core.shell:Creating package script '/home/adithya/ws_manipulator/install/manipulator/share/manipulator/package.sh'
[12.291s] INFO:colcon.colcon_core.shell:Creating package script '/home/adithya/ws_manipulator/install/manipulator/share/manipulator/package.bash'
[12.292s] INFO:colcon.colcon_core.shell:Creating package script '/home/adithya/ws_manipulator/install/manipulator/share/manipulator/package.zsh'
[12.292s] Level 1:colcon.colcon_core.environment:create_file_with_runtime_dependencies(/home/adithya/ws_manipulator/install/manipulator/share/colcon-core/packages/manipulator)
[12.292s] DEBUG:colcon.colcon_parallel_executor.executor.parallel:closing loop
[12.292s] DEBUG:colcon.colcon_parallel_executor.executor.parallel:loop closed
[12.293s] DEBUG:colcon.colcon_parallel_executor.executor.parallel:run_until_complete finished with '0'
[12.293s] DEBUG:colcon.colcon_core.event_reactor:joining thread
[12.340s] INFO:colcon.colcon_core.plugin_system:Skipping extension 'colcon_notification.desktop_notification.terminal_notifier': Not used on non-Darwin systems
[12.341s] INFO:colcon.colcon_core.plugin_system:Skipping extension 'colcon_notification.desktop_notification.win32': Not used on non-Windows systems
[12.341s] INFO:colcon.colcon_notification.desktop_notification:Sending desktop notification using 'notify2'
[12.388s] DEBUG:colcon.colcon_core.event_reactor:joined thread
[12.388s] INFO:colcon.colcon_core.shell:Creating prefix script '/home/adithya/ws_manipulator/install/local_setup.ps1'
[12.397s] INFO:colcon.colcon_core.shell:Creating prefix util module '/home/adithya/ws_manipulator/install/_local_setup_util_ps1.py'
[12.399s] INFO:colcon.colcon_core.shell:Creating prefix chain script '/home/adithya/ws_manipulator/install/setup.ps1'
[12.413s] INFO:colcon.colcon_core.shell:Creating prefix script '/home/adithya/ws_manipulator/install/local_setup.sh'
[12.450s] INFO:colcon.colcon_core.shell:Creating prefix util module '/home/adithya/ws_manipulator/install/_local_setup_util_sh.py'
[12.451s] INFO:colcon.colcon_core.shell:Creating prefix chain script '/home/adithya/ws_manipulator/install/setup.sh'
[12.468s] INFO:colcon.colcon_core.shell:Creating prefix script '/home/adithya/ws_manipulator/install/local_setup.bash'
[12.470s] INFO:colcon.colcon_core.shell:Creating prefix chain script '/home/adithya/ws_manipulator/install/setup.bash'
[12.476s] INFO:colcon.colcon_core.shell:Creating prefix script '/home/adithya/ws_manipulator/install/local_setup.zsh'
[12.479s] INFO:colcon.colcon_core.shell:Creating prefix chain script '/home/adithya/ws_manipulator/install/setup.zsh'
